INFO 2025-01-03 20:33:48,602 django.utils.autoreload MainThread 21784 autoreload autoreload.py 668 run_with_reloader 17424 Watching for file changes with StatReloader
INFO 2025-01-03 20:33:55,532 django.server Thread-1 (process_request_thread) 13688 basehttp basehttp.py 213 log_message 17424 "GET / HTTP/1.1" 200 1633
INFO 2025-01-03 20:33:56,781 django.server Thread-1 (process_request_thread) 13688 basehttp basehttp.py 213 log_message 17424 "GET / HTTP/1.1" 200 1633
INFO 2025-01-03 20:40:46,210 django.utils.autoreload MainThread 18032 autoreload autoreload.py 668 run_with_reloader 19232 Watching for file changes with StatReloader
INFO 2025-01-03 20:40:48,603 django.server Thread-1 (process_request_thread) 10872 basehttp basehttp.py 213 log_message 19232 "GET /login/ HTTP/1.1" 200 4229
INFO 2025-01-03 20:41:01,842 django.server Thread-1 (process_request_thread) 10872 basehttp basehttp.py 213 log_message 19232 "POST /login/ HTTP/1.1" 302 0
INFO 2025-01-03 20:41:01,850 django.server Thread-1 (process_request_thread) 10872 basehttp basehttp.py 213 log_message 19232 "GET /activities/home/ HTTP/1.1" 200 9042
INFO 2025-01-03 20:41:07,024 django.server Thread-1 (process_request_thread) 10872 basehttp basehttp.py 213 log_message 19232 "GET /activities/home/ HTTP/1.1" 200 9042
INFO 2025-01-03 20:41:09,316 django.server Thread-1 (process_request_thread) 10872 basehttp basehttp.py 213 log_message 19232 "GET /activities/selectchild/ HTTP/1.1" 200 3763
INFO 2025-01-03 20:41:09,333 django.server Thread-1 (process_request_thread) 10872 basehttp basehttp.py 213 log_message 19232 "GET /static/activities/css/card.css HTTP/1.1" 304 0
INFO 2025-01-08 11:31:35,281 django.utils.autoreload MainThread 16240 autoreload autoreload.py 668 run_with_reloader 21036 Watching for file changes with StatReloader
INFO 2025-01-08 11:31:54,487 django.server Thread-1 (process_request_thread) 21264 basehttp basehttp.py 213 log_message 21036 "GET / HTTP/1.1" 200 1633
INFO 2025-01-08 11:31:54,589 django.server Thread-1 (process_request_thread) 21264 basehttp basehttp.py 213 log_message 21036 "GET /static/accounts/images/logo.png HTTP/1.1" 304 0
INFO 2025-01-08 11:31:54,589 django.server Thread-2 (process_request_thread) 11608 basehttp basehttp.py 213 log_message 21036 "GET /static/accounts/css/styles.css HTTP/1.1" 304 0
INFO 2025-01-08 11:31:54,642 django.server Thread-2 (process_request_thread) 11608 basehttp basehttp.py 213 log_message 21036 "GET /static/accounts/images/home.png HTTP/1.1" 304 0
INFO 2025-01-08 11:32:01,468 django.server Thread-2 (process_request_thread) 11608 basehttp basehttp.py 213 log_message 21036 "GET /login/ HTTP/1.1" 200 4229
INFO 2025-01-08 11:32:01,484 django.server Thread-2 (process_request_thread) 11608 basehttp basehttp.py 213 log_message 21036 "GET /static/accounts/css/button.css HTTP/1.1" 304 0
INFO 2025-01-08 11:32:01,506 django.server Thread-2 (process_request_thread) 11608 basehttp basehttp.py 213 log_message 21036 "GET /static/accounts/images/background.png HTTP/1.1" 304 0
INFO 2025-01-08 11:32:11,125 django.server Thread-2 (process_request_thread) 11608 basehttp basehttp.py 213 log_message 21036 "POST /login/ HTTP/1.1" 302 0
INFO 2025-01-08 11:32:11,173 django.server Thread-2 (process_request_thread) 11608 basehttp basehttp.py 213 log_message 21036 "GET /activities/home/ HTTP/1.1" 200 9042
INFO 2025-01-08 11:32:11,193 django.server Thread-2 (process_request_thread) 11608 basehttp basehttp.py 213 log_message 21036 "GET /static/activities/css/styles.css HTTP/1.1" 304 0
INFO 2025-01-08 11:32:11,193 django.server Thread-1 (process_request_thread) 21264 basehttp basehttp.py 213 log_message 21036 "GET /static/activities/images/logo.png HTTP/1.1" 304 0
INFO 2025-01-08 11:32:11,201 django.server Thread-1 (process_request_thread) 21264 basehttp basehttp.py 213 log_message 21036 "GET /static/activities/images/robot.png HTTP/1.1" 304 0
INFO 2025-01-08 19:51:14,871 django.utils.autoreload MainThread 1564 autoreload autoreload.py 668 run_with_reloader 14612 Watching for file changes with StatReloader
INFO 2025-01-08 19:52:34,493 django.server Thread-1 (process_request_thread) 18272 basehttp basehttp.py 213 log_message 14612 "GET / HTTP/1.1" 200 1633
INFO 2025-01-08 19:52:37,881 django.server Thread-1 (process_request_thread) 18272 basehttp basehttp.py 213 log_message 14612 "GET /login/ HTTP/1.1" 200 4229
INFO 2025-01-08 19:52:48,133 django.server Thread-1 (process_request_thread) 18272 basehttp basehttp.py 213 log_message 14612 "POST /login/ HTTP/1.1" 302 0
INFO 2025-01-08 19:52:48,195 django.server Thread-1 (process_request_thread) 18272 basehttp basehttp.py 213 log_message 14612 "GET /activities/home/ HTTP/1.1" 200 9042
INFO 2025-01-08 19:58:36,186 django.server Thread-3 (process_request_thread) 12056 basehttp basehttp.py 213 log_message 14612 "GET /activities/selectchild/ HTTP/1.1" 200 3763
INFO 2025-01-08 19:58:36,198 django.server Thread-3 (process_request_thread) 12056 basehttp basehttp.py 213 log_message 14612 "GET /static/activities/css/card.css HTTP/1.1" 304 0
INFO 2025-01-08 19:58:42,204 django.server Thread-3 (process_request_thread) 12056 basehttp basehttp.py 213 log_message 14612 "GET /activities/selectactivity/4/ HTTP/1.1" 200 9496
INFO 2025-01-08 19:58:42,213 django.server Thread-4 (process_request_thread) 17440 basehttp basehttp.py 213 log_message 14612 "GET /static/activities/css/selectactivity.css HTTP/1.1" 304 0
INFO 2025-01-08 19:58:42,219 django.server Thread-3 (process_request_thread) 12056 basehttp basehttp.py 213 log_message 14612 "GET /static/activities/js/selectactivity.js HTTP/1.1" 304 0
INFO 2025-01-08 19:59:58,443 django.server Thread-3 (process_request_thread) 12056 basehttp basehttp.py 213 log_message 14612 "GET /activities/selectchild/ HTTP/1.1" 200 3763
INFO 2025-01-08 20:00:03,957 django.server Thread-3 (process_request_thread) 12056 basehttp basehttp.py 213 log_message 14612 "GET /activities/selectactivity/7/ HTTP/1.1" 200 9496
INFO 2025-01-08 20:11:29,062 django.server Thread-5 (process_request_thread) 2980 basehttp basehttp.py 213 log_message 14612 "GET /activities/start-activity/7/3/ HTTP/1.1" 200 2306
INFO 2025-01-08 20:11:29,074 django.server Thread-5 (process_request_thread) 2980 basehttp basehttp.py 213 log_message 14612 "GET /static/activities/css/activity.css HTTP/1.1" 304 0
INFO 2025-01-08 20:11:29,079 django.server Thread-5 (process_request_thread) 2980 basehttp basehttp.py 213 log_message 14612 "GET /static/activities/js/activity.js HTTP/1.1" 304 0
INFO 2025-01-08 20:14:06,253 django.server Thread-5 (process_request_thread) 2980 basehttp basehttp.py 213 log_message 14612 "GET /activities/stop-activity/7/3/ HTTP/1.1" 302 0
INFO 2025-01-08 20:14:06,300 django.server Thread-5 (process_request_thread) 2980 basehttp basehttp.py 213 log_message 14612 "GET /activities/activity-report/7/3/ HTTP/1.1" 200 2144
INFO 2025-01-08 20:14:06,312 django.server Thread-5 (process_request_thread) 2980 basehttp basehttp.py 213 log_message 14612 "GET /static/activities/css/activity_report.css HTTP/1.1" 304 0
INFO 2025-01-08 20:14:16,461 django.server Thread-5 (process_request_thread) 2980 basehttp basehttp.py 213 log_message 14612 "GET /activities/selectactivity/7/ HTTP/1.1" 200 9496
INFO 2025-01-08 20:14:45,700 django.server Thread-5 (process_request_thread) 2980 basehttp basehttp.py 213 log_message 14612 "GET /activities/start-activity/7/3/ HTTP/1.1" 200 2306
INFO 2025-01-08 20:15:48,132 django.server Thread-5 (process_request_thread) 2980 basehttp basehttp.py 213 log_message 14612 "GET /activities/stop-activity/7/3/ HTTP/1.1" 302 0
INFO 2025-01-08 20:15:48,210 django.server Thread-5 (process_request_thread) 2980 basehttp basehttp.py 213 log_message 14612 "GET /activities/activity-report/7/3/ HTTP/1.1" 200 17612
INFO 2025-01-08 20:15:55,552 django.server Thread-5 (process_request_thread) 2980 basehttp basehttp.py 213 log_message 14612 "GET /activities/selectactivity/7/ HTTP/1.1" 200 9496
INFO 2025-01-08 20:15:59,331 django.server Thread-5 (process_request_thread) 2980 basehttp basehttp.py 213 log_message 14612 "GET /activities/start-activity/7/4/ HTTP/1.1" 200 2358
INFO 2025-01-08 20:15:59,344 django.server Thread-5 (process_request_thread) 2980 basehttp basehttp.py 213 log_message 14612 "GET /static/activities/images/find_the_different_image.png HTTP/1.1" 304 0
INFO 2025-01-08 20:17:59,170 django.server Thread-5 (process_request_thread) 2980 basehttp basehttp.py 213 log_message 14612 "GET /activities/stop-activity/7/4/ HTTP/1.1" 302 0
INFO 2025-01-08 20:17:59,209 django.server Thread-5 (process_request_thread) 2980 basehttp basehttp.py 213 log_message 14612 "GET /activities/activity-report/7/4/ HTTP/1.1" 200 14580
INFO 2025-01-08 20:18:04,696 django.server Thread-5 (process_request_thread) 2980 basehttp basehttp.py 213 log_message 14612 "GET /activities/selectactivity/7/ HTTP/1.1" 200 9496
INFO 2025-01-08 20:18:10,380 django.server Thread-5 (process_request_thread) 2980 basehttp basehttp.py 213 log_message 14612 "GET /activities/start-activity/7/5/ HTTP/1.1" 200 2342
INFO 2025-01-08 20:18:10,391 django.server Thread-5 (process_request_thread) 2980 basehttp basehttp.py 213 log_message 14612 "GET /static/activities/images/learning_with_buttons.png HTTP/1.1" 304 0
INFO 2025-01-08 20:20:54,800 django.server Thread-5 (process_request_thread) 2980 basehttp basehttp.py 213 log_message 14612 "GET /activities/stop-activity/7/5/ HTTP/1.1" 302 0
INFO 2025-01-08 20:20:54,835 django.server Thread-5 (process_request_thread) 2980 basehttp basehttp.py 213 log_message 14612 "GET /activities/activity-report/7/5/ HTTP/1.1" 200 10581
INFO 2025-01-08 20:37:57,048 django.server Thread-11 (process_request_thread) 2608 basehttp basehttp.py 213 log_message 14612 "GET /activities/selectactivity/7/ HTTP/1.1" 200 9496
INFO 2025-01-08 20:38:02,058 django.server Thread-11 (process_request_thread) 2608 basehttp basehttp.py 213 log_message 14612 "GET /activities/start-activity/7/3/ HTTP/1.1" 200 2306
INFO 2025-01-08 20:39:02,036 django.server Thread-11 (process_request_thread) 2608 basehttp basehttp.py 213 log_message 14612 "GET /activities/stop-activity/7/3/ HTTP/1.1" 302 0
INFO 2025-01-08 20:39:02,088 django.server Thread-11 (process_request_thread) 2608 basehttp basehttp.py 213 log_message 14612 "GET /activities/activity-report/7/3/ HTTP/1.1" 200 31042
INFO 2025-01-08 20:39:10,717 django.server Thread-11 (process_request_thread) 2608 basehttp basehttp.py 213 log_message 14612 "GET /activities/selectactivity/7/ HTTP/1.1" 200 9496
INFO 2025-01-08 20:39:13,826 django.server Thread-11 (process_request_thread) 2608 basehttp basehttp.py 213 log_message 14612 "GET /activities/start-activity/7/4/ HTTP/1.1" 200 2358
INFO 2025-01-08 20:40:36,226 django.server Thread-11 (process_request_thread) 2608 basehttp basehttp.py 213 log_message 14612 "GET /activities/stop-activity/7/4/ HTTP/1.1" 302 0
INFO 2025-01-08 20:40:36,262 django.server Thread-11 (process_request_thread) 2608 basehttp basehttp.py 213 log_message 14612 "GET /activities/activity-report/7/4/ HTTP/1.1" 200 14592
INFO 2025-01-08 20:40:41,818 django.server Thread-11 (process_request_thread) 2608 basehttp basehttp.py 213 log_message 14612 "GET /activities/selectactivity/7/ HTTP/1.1" 200 9496
INFO 2025-01-08 20:40:45,181 django.server Thread-11 (process_request_thread) 2608 basehttp basehttp.py 213 log_message 14612 "GET /activities/start-activity/7/5/ HTTP/1.1" 200 2342
INFO 2025-01-08 20:49:16,353 django.server Thread-15 (process_request_thread) 18252 basehttp basehttp.py 213 log_message 14612 "GET /activities/stop-activity/7/5/ HTTP/1.1" 302 0
INFO 2025-01-08 20:49:16,389 django.server Thread-15 (process_request_thread) 18252 basehttp basehttp.py 213 log_message 14612 "GET /activities/activity-report/7/5/ HTTP/1.1" 200 14583
INFO 2025-01-08 21:21:28,880 django.utils.autoreload MainThread 19820 autoreload autoreload.py 668 run_with_reloader 19844 Watching for file changes with StatReloader
INFO 2025-01-08 21:21:31,027 django.server Thread-1 (process_request_thread) 19284 basehttp basehttp.py 213 log_message 19844 "GET /activities/selectchild/ HTTP/1.1" 200 3763
INFO 2025-01-08 21:22:16,020 django.server Thread-1 (process_request_thread) 19284 basehttp basehttp.py 213 log_message 19844 "GET /activities/selectactivity/7/ HTTP/1.1" 200 9496
INFO 2025-01-08 21:22:20,733 django.server Thread-1 (process_request_thread) 19284 basehttp basehttp.py 213 log_message 19844 "GET /activities/start-activity/7/3/ HTTP/1.1" 200 2306
INFO 2025-01-08 21:24:10,635 django.server Thread-1 (process_request_thread) 19284 basehttp basehttp.py 213 log_message 19844 "GET /activities/stop-activity/7/3/ HTTP/1.1" 302 0
INFO 2025-01-08 21:24:10,716 django.server Thread-1 (process_request_thread) 19284 basehttp basehttp.py 213 log_message 19844 "GET /activities/activity-report/7/3/ HTTP/1.1" 200 44414
INFO 2025-01-08 21:24:24,316 django.server Thread-1 (process_request_thread) 19284 basehttp basehttp.py 213 log_message 19844 "GET /activities/selectactivity/7/ HTTP/1.1" 200 9496
INFO 2025-01-08 21:24:27,819 django.server Thread-1 (process_request_thread) 19284 basehttp basehttp.py 213 log_message 19844 "GET /activities/start-activity/7/4/ HTTP/1.1" 200 2358
INFO 2025-01-08 21:25:02,834 django.server Thread-1 (process_request_thread) 19284 basehttp basehttp.py 213 log_message 19844 "GET /activities/stop-activity/7/4/ HTTP/1.1" 302 0
INFO 2025-01-08 21:25:02,877 django.server Thread-1 (process_request_thread) 19284 basehttp basehttp.py 213 log_message 19844 "GET /activities/activity-report/7/4/ HTTP/1.1" 200 14589
INFO 2025-01-08 21:25:04,888 django.server Thread-1 (process_request_thread) 19284 basehttp basehttp.py 213 log_message 19844 "GET /activities/selectactivity/7/ HTTP/1.1" 200 9496
INFO 2025-01-08 23:03:15,462 django.server Thread-4 (process_request_thread) 10976 basehttp basehttp.py 213 log_message 19844 "GET /activities/start-activity/7/3/ HTTP/1.1" 200 2306
INFO 2025-01-08 23:04:49,183 django.server Thread-4 (process_request_thread) 10976 basehttp basehttp.py 213 log_message 19844 "GET /activities/stop-activity/7/3/ HTTP/1.1" 302 0
INFO 2025-01-08 23:04:49,225 django.server Thread-4 (process_request_thread) 10976 basehttp basehttp.py 213 log_message 19844 "GET /activities/activity-report/7/3/ HTTP/1.1" 200 44414
INFO 2025-01-08 23:17:18,968 django.server Thread-7 (process_request_thread) 13204 basehttp basehttp.py 213 log_message 19844 "GET /activities/selectactivity/7/ HTTP/1.1" 200 9496
INFO 2025-01-08 23:17:22,211 django.server Thread-7 (process_request_thread) 13204 basehttp basehttp.py 213 log_message 19844 "GET /activities/start-activity/7/3/ HTTP/1.1" 200 2306
INFO 2025-01-08 23:18:06,257 django.server Thread-7 (process_request_thread) 13204 basehttp basehttp.py 213 log_message 19844 "GET /activities/stop-activity/7/3/ HTTP/1.1" 302 0
INFO 2025-01-08 23:18:06,273 django.server Thread-7 (process_request_thread) 13204 basehttp basehttp.py 213 log_message 19844 "GET /activities/activity-report/7/3/ HTTP/1.1" 200 44414
INFO 2025-01-08 23:18:19,442 django.server Thread-7 (process_request_thread) 13204 basehttp basehttp.py 213 log_message 19844 "GET /activities/selectactivity/7/ HTTP/1.1" 200 9496
INFO 2025-01-08 23:18:35,734 django.server Thread-7 (process_request_thread) 13204 basehttp basehttp.py 213 log_message 19844 "GET /activities/start-activity/7/3/ HTTP/1.1" 200 2306
INFO 2025-01-08 23:20:50,115 django.server Thread-7 (process_request_thread) 13204 basehttp basehttp.py 213 log_message 19844 "GET /activities/stop-activity/7/3/ HTTP/1.1" 302 0
INFO 2025-01-08 23:20:50,134 django.server Thread-7 (process_request_thread) 13204 basehttp basehttp.py 213 log_message 19844 "GET /activities/activity-report/7/3/ HTTP/1.1" 200 44414
INFO 2025-01-08 23:20:51,306 django.server Thread-7 (process_request_thread) 13204 basehttp basehttp.py 213 log_message 19844 "GET /activities/selectactivity/7/ HTTP/1.1" 200 9496
INFO 2025-01-08 23:20:55,381 django.server Thread-7 (process_request_thread) 13204 basehttp basehttp.py 213 log_message 19844 "GET /activities/start-activity/7/3/ HTTP/1.1" 200 2306
INFO 2025-01-08 23:21:08,172 django.server Thread-7 (process_request_thread) 13204 basehttp basehttp.py 213 log_message 19844 "GET /activities/stop-activity/7/3/ HTTP/1.1" 302 0
INFO 2025-01-08 23:21:08,192 django.server Thread-7 (process_request_thread) 13204 basehttp basehttp.py 213 log_message 19844 "GET /activities/activity-report/7/3/ HTTP/1.1" 200 44414
INFO 2025-01-08 23:21:58,640 django.server Thread-7 (process_request_thread) 13204 basehttp basehttp.py 213 log_message 19844 "GET /activities/selectactivity/7/ HTTP/1.1" 200 9496
INFO 2025-01-08 23:22:02,448 django.server Thread-7 (process_request_thread) 13204 basehttp basehttp.py 213 log_message 19844 "GET /activities/start-activity/7/3/ HTTP/1.1" 200 2306
INFO 2025-01-08 23:24:42,296 django.server Thread-7 (process_request_thread) 13204 basehttp basehttp.py 213 log_message 19844 "GET /activities/stop-activity/7/3/ HTTP/1.1" 302 0
INFO 2025-01-08 23:24:42,317 django.server Thread-7 (process_request_thread) 13204 basehttp basehttp.py 213 log_message 19844 "GET /activities/activity-report/7/3/ HTTP/1.1" 200 44414
INFO 2025-01-08 23:26:18,303 django.server Thread-7 (process_request_thread) 13204 basehttp basehttp.py 213 log_message 19844 "GET /activities/selectactivity/7/ HTTP/1.1" 200 9496
INFO 2025-01-08 23:26:21,727 django.server Thread-7 (process_request_thread) 13204 basehttp basehttp.py 213 log_message 19844 "GET /activities/start-activity/7/3/ HTTP/1.1" 200 2306
INFO 2025-01-08 23:26:54,921 django.server Thread-7 (process_request_thread) 13204 basehttp basehttp.py 213 log_message 19844 "GET /activities/stop-activity/7/3/ HTTP/1.1" 302 0
INFO 2025-01-08 23:26:54,938 django.server Thread-7 (process_request_thread) 13204 basehttp basehttp.py 213 log_message 19844 "GET /activities/activity-report/7/3/ HTTP/1.1" 200 44478
INFO 2025-01-08 23:27:21,955 django.server Thread-7 (process_request_thread) 13204 basehttp basehttp.py 213 log_message 19844 "GET /activities/selectactivity/7/ HTTP/1.1" 200 9496
INFO 2025-01-08 23:27:25,729 django.server Thread-7 (process_request_thread) 13204 basehttp basehttp.py 213 log_message 19844 "GET /activities/start-activity/7/3/ HTTP/1.1" 200 2306
INFO 2025-01-08 23:28:41,579 django.server Thread-7 (process_request_thread) 13204 basehttp basehttp.py 213 log_message 19844 "GET /activities/stop-activity/7/3/ HTTP/1.1" 302 0
INFO 2025-01-08 23:28:41,600 django.server Thread-7 (process_request_thread) 13204 basehttp basehttp.py 213 log_message 19844 "GET /activities/activity-report/7/3/ HTTP/1.1" 200 44490
INFO 2025-01-08 23:28:47,174 django.server Thread-7 (process_request_thread) 13204 basehttp basehttp.py 213 log_message 19844 "GET /activities/selectactivity/7/ HTTP/1.1" 200 9496
INFO 2025-01-08 23:28:51,789 django.server Thread-7 (process_request_thread) 13204 basehttp basehttp.py 213 log_message 19844 "GET /activities/start-activity/7/4/ HTTP/1.1" 200 2358
INFO 2025-01-08 23:30:22,286 django.server Thread-7 (process_request_thread) 13204 basehttp basehttp.py 213 log_message 19844 "GET /activities/stop-activity/7/4/ HTTP/1.1" 302 0
INFO 2025-01-08 23:30:22,297 django.server Thread-7 (process_request_thread) 13204 basehttp basehttp.py 213 log_message 19844 "GET /activities/activity-report/7/4/ HTTP/1.1" 200 14637
INFO 2025-01-08 23:30:47,986 django.server Thread-7 (process_request_thread) 13204 basehttp basehttp.py 213 log_message 19844 "GET /activities/selectactivity/7/ HTTP/1.1" 200 9496
INFO 2025-01-08 23:30:50,747 django.server Thread-7 (process_request_thread) 13204 basehttp basehttp.py 213 log_message 19844 "GET /activities/start-activity/7/4/ HTTP/1.1" 200 2358
INFO 2025-01-08 23:33:21,189 django.server Thread-7 (process_request_thread) 13204 basehttp basehttp.py 213 log_message 19844 "GET /activities/stop-activity/7/4/ HTTP/1.1" 302 0
INFO 2025-01-08 23:33:21,201 django.server Thread-7 (process_request_thread) 13204 basehttp basehttp.py 213 log_message 19844 "GET /activities/activity-report/7/4/ HTTP/1.1" 200 14656
INFO 2025-01-08 23:33:22,584 django.server Thread-7 (process_request_thread) 13204 basehttp basehttp.py 213 log_message 19844 "GET /activities/selectactivity/7/ HTTP/1.1" 200 9496
INFO 2025-01-08 23:33:25,257 django.server Thread-7 (process_request_thread) 13204 basehttp basehttp.py 213 log_message 19844 "GET /activities/start-activity/7/5/ HTTP/1.1" 200 2342
INFO 2025-01-08 23:35:46,112 django.server Thread-7 (process_request_thread) 13204 basehttp basehttp.py 213 log_message 19844 "GET /activities/stop-activity/7/5/ HTTP/1.1" 302 0
INFO 2025-01-08 23:35:46,127 django.server Thread-7 (process_request_thread) 13204 basehttp basehttp.py 213 log_message 19844 "GET /activities/activity-report/7/5/ HTTP/1.1" 200 14580
INFO 2025-01-09 00:02:22,517 django.server Thread-19 (process_request_thread) 11424 basehttp basehttp.py 213 log_message 19844 "GET /activities/selectactivity/7/ HTTP/1.1" 200 9496
INFO 2025-01-09 00:02:27,071 django.server Thread-19 (process_request_thread) 11424 basehttp basehttp.py 213 log_message 19844 "GET /activities/start-activity/7/3/ HTTP/1.1" 200 2306
INFO 2025-01-09 00:03:34,282 django.server Thread-19 (process_request_thread) 11424 basehttp basehttp.py 213 log_message 19844 "GET /activities/stop-activity/7/3/ HTTP/1.1" 302 0
INFO 2025-01-09 00:03:34,301 django.server Thread-19 (process_request_thread) 11424 basehttp basehttp.py 213 log_message 19844 "GET /activities/activity-report/7/3/ HTTP/1.1" 200 44549
INFO 2025-01-09 00:03:35,920 django.server Thread-19 (process_request_thread) 11424 basehttp basehttp.py 213 log_message 19844 "GET /activities/selectactivity/7/ HTTP/1.1" 200 9496
INFO 2025-01-09 00:03:38,629 django.server Thread-19 (process_request_thread) 11424 basehttp basehttp.py 213 log_message 19844 "GET /activities/start-activity/7/4/ HTTP/1.1" 200 2358
INFO 2025-01-09 00:04:06,229 django.server Thread-19 (process_request_thread) 11424 basehttp basehttp.py 213 log_message 19844 "GET /activities/stop-activity/7/4/ HTTP/1.1" 302 0
INFO 2025-01-09 00:04:06,241 django.server Thread-19 (process_request_thread) 11424 basehttp basehttp.py 213 log_message 19844 "GET /activities/activity-report/7/4/ HTTP/1.1" 200 14650
INFO 2025-01-09 00:04:07,297 django.server Thread-19 (process_request_thread) 11424 basehttp basehttp.py 213 log_message 19844 "GET /activities/selectactivity/7/ HTTP/1.1" 200 9496
INFO 2025-01-09 00:04:11,448 django.server Thread-19 (process_request_thread) 11424 basehttp basehttp.py 213 log_message 19844 "GET /activities/start-activity/7/5/ HTTP/1.1" 200 2342
INFO 2025-01-09 00:06:13,003 django.server Thread-19 (process_request_thread) 11424 basehttp basehttp.py 213 log_message 19844 "GET /activities/stop-activity/7/5/ HTTP/1.1" 302 0
INFO 2025-01-09 00:06:13,014 django.server Thread-19 (process_request_thread) 11424 basehttp basehttp.py 213 log_message 19844 "GET /activities/activity-report/7/5/ HTTP/1.1" 200 14582
INFO 2025-01-09 00:10:49,057 django.server Thread-19 (process_request_thread) 11424 basehttp basehttp.py 213 log_message 19844 "GET /activities/selectactivity/7/ HTTP/1.1" 200 9496
INFO 2025-01-09 00:10:51,729 django.server Thread-19 (process_request_thread) 11424 basehttp basehttp.py 213 log_message 19844 "GET /activities/start-activity/7/3/ HTTP/1.1" 200 2306
INFO 2025-01-09 00:11:02,076 django.server Thread-19 (process_request_thread) 11424 basehttp basehttp.py 213 log_message 19844 "GET /activities/stop-activity/7/3/ HTTP/1.1" 302 0
INFO 2025-01-09 00:11:02,101 django.server Thread-19 (process_request_thread) 11424 basehttp basehttp.py 213 log_message 19844 "GET /activities/activity-report/7/3/ HTTP/1.1" 200 44552
INFO 2025-01-09 10:31:04,630 django.utils.autoreload MainThread 2840 autoreload autoreload.py 668 run_with_reloader 11068 Watching for file changes with StatReloader
INFO 2025-01-09 10:31:15,375 django.server Thread-1 (process_request_thread) 14556 basehttp basehttp.py 213 log_message 11068 "GET / HTTP/1.1" 200 1633
INFO 2025-01-09 10:31:16,939 django.server Thread-1 (process_request_thread) 14556 basehttp basehttp.py 213 log_message 11068 "GET /login/ HTTP/1.1" 200 4229
INFO 2025-01-09 10:31:29,454 django.server Thread-1 (process_request_thread) 14556 basehttp basehttp.py 213 log_message 11068 "POST /login/ HTTP/1.1" 302 0
INFO 2025-01-09 10:31:29,497 django.server Thread-1 (process_request_thread) 14556 basehttp basehttp.py 213 log_message 11068 "GET /activities/home/ HTTP/1.1" 200 9042
INFO 2025-01-09 10:31:34,644 django.server Thread-1 (process_request_thread) 14556 basehttp basehttp.py 213 log_message 11068 "GET /activities/selectchild/ HTTP/1.1" 200 3763
INFO 2025-01-09 10:33:27,327 django.server Thread-1 (process_request_thread) 14556 basehttp basehttp.py 213 log_message 11068 "GET /activities/selectactivity/7/ HTTP/1.1" 200 9496
INFO 2025-01-09 10:34:35,718 django.server Thread-1 (process_request_thread) 14556 basehttp basehttp.py 213 log_message 11068 "GET /activities/selectchild/ HTTP/1.1" 200 3763
INFO 2025-01-09 10:34:52,902 django.server Thread-1 (process_request_thread) 14556 basehttp basehttp.py 213 log_message 11068 "GET /activities/selectactivity/7/ HTTP/1.1" 200 9496
INFO 2025-01-09 10:37:41,932 django.server Thread-1 (process_request_thread) 14556 basehttp basehttp.py 213 log_message 11068 "GET /activities/addchild/ HTTP/1.1" 200 3330
INFO 2025-01-09 10:37:41,954 django.server Thread-1 (process_request_thread) 14556 basehttp basehttp.py 213 log_message 11068 "GET /static/activities/css/addchild.css HTTP/1.1" 304 0
INFO 2025-01-09 10:37:41,954 django.server Thread-5 (process_request_thread) 16748 basehttp basehttp.py 213 log_message 11068 "GET /static/activities/images/profile.png HTTP/1.1" 304 0
INFO 2025-01-09 10:37:44,645 django.server Thread-1 (process_request_thread) 14556 basehttp basehttp.py 213 log_message 11068 "GET /activities/selectchild/ HTTP/1.1" 200 3763
INFO 2025-01-09 10:37:49,017 django.server Thread-1 (process_request_thread) 14556 basehttp basehttp.py 213 log_message 11068 "GET /activities/selectactivity/7/ HTTP/1.1" 200 9496
INFO 2025-01-09 10:37:51,748 django.server Thread-1 (process_request_thread) 14556 basehttp basehttp.py 213 log_message 11068 "GET /activities/logout/ HTTP/1.1" 302 0
INFO 2025-01-09 10:37:51,756 django.server Thread-1 (process_request_thread) 14556 basehttp basehttp.py 213 log_message 11068 "GET /login/ HTTP/1.1" 200 4229
INFO 2025-01-09 10:38:11,543 django.server Thread-1 (process_request_thread) 14556 basehttp basehttp.py 213 log_message 11068 "POST /login/ HTTP/1.1" 302 0
INFO 2025-01-09 10:38:11,557 django.server Thread-1 (process_request_thread) 14556 basehttp basehttp.py 213 log_message 11068 "GET /activities/home/ HTTP/1.1" 200 9042
INFO 2025-01-09 10:38:20,346 django.server Thread-1 (process_request_thread) 14556 basehttp basehttp.py 213 log_message 11068 "GET /activities/selectchild/ HTTP/1.1" 200 3763
INFO 2025-01-09 10:38:25,091 django.server Thread-1 (process_request_thread) 14556 basehttp basehttp.py 213 log_message 11068 "GET /activities/selectactivity/4/ HTTP/1.1" 200 9496
INFO 2025-01-09 10:38:52,077 django.server Thread-1 (process_request_thread) 14556 basehttp basehttp.py 213 log_message 11068 "GET /activities/start-activity/4/3/ HTTP/1.1" 200 2306
INFO 2025-01-09 10:39:22,010 django.server Thread-1 (process_request_thread) 14556 basehttp basehttp.py 213 log_message 11068 "GET /activities/stop-activity/4/3/ HTTP/1.1" 302 0
INFO 2025-01-09 10:39:22,105 django.server Thread-1 (process_request_thread) 14556 basehttp basehttp.py 213 log_message 11068 "GET /activities/activity-report/4/3/ HTTP/1.1" 200 31110
INFO 2025-01-09 10:39:33,434 django.server Thread-1 (process_request_thread) 14556 basehttp basehttp.py 213 log_message 11068 "GET /activities/selectactivity/4/ HTTP/1.1" 200 9496
INFO 2025-01-09 10:39:38,756 django.server Thread-1 (process_request_thread) 14556 basehttp basehttp.py 213 log_message 11068 "GET /activities/start-activity/4/3/ HTTP/1.1" 200 2306
INFO 2025-01-09 10:40:05,920 django.server Thread-1 (process_request_thread) 14556 basehttp basehttp.py 213 log_message 11068 "GET /activities/stop-activity/4/3/ HTTP/1.1" 302 0
INFO 2025-01-09 10:40:05,983 django.server Thread-1 (process_request_thread) 14556 basehttp basehttp.py 213 log_message 11068 "GET /activities/activity-report/4/3/ HTTP/1.1" 200 44570
INFO 2025-01-09 10:41:12,863 django.server Thread-1 (process_request_thread) 14556 basehttp basehttp.py 213 log_message 11068 "GET /activities/selectactivity/4/ HTTP/1.1" 200 9496
INFO 2025-01-09 10:41:16,795 django.server Thread-1 (process_request_thread) 14556 basehttp basehttp.py 213 log_message 11068 "GET /activities/start-activity/4/3/ HTTP/1.1" 200 2306
INFO 2025-01-09 10:42:36,975 django.server Thread-1 (process_request_thread) 14556 basehttp basehttp.py 213 log_message 11068 "GET /activities/stop-activity/4/3/ HTTP/1.1" 302 0
INFO 2025-01-09 10:42:37,027 django.server Thread-1 (process_request_thread) 14556 basehttp basehttp.py 213 log_message 11068 "GET /activities/activity-report/4/3/ HTTP/1.1" 200 44590
INFO 2025-01-09 10:42:38,500 django.server Thread-1 (process_request_thread) 14556 basehttp basehttp.py 213 log_message 11068 "GET /activities/selectactivity/4/ HTTP/1.1" 200 9496
INFO 2025-01-09 10:42:40,555 django.server Thread-1 (process_request_thread) 14556 basehttp basehttp.py 213 log_message 11068 "GET /activities/start-activity/4/3/ HTTP/1.1" 200 2306
INFO 2025-01-09 10:42:50,429 django.server Thread-1 (process_request_thread) 14556 basehttp basehttp.py 213 log_message 11068 "GET /activities/stop-activity/4/3/ HTTP/1.1" 302 0
INFO 2025-01-09 10:42:50,494 django.server Thread-1 (process_request_thread) 14556 basehttp basehttp.py 213 log_message 11068 "GET /activities/activity-report/4/3/ HTTP/1.1" 200 44590
INFO 2025-01-09 10:49:01,695 django.server Thread-7 (process_request_thread) 7364 basehttp basehttp.py 213 log_message 11068 "GET /activities/selectactivity/4/ HTTP/1.1" 200 9496
INFO 2025-01-09 10:49:07,716 django.server Thread-7 (process_request_thread) 7364 basehttp basehttp.py 213 log_message 11068 "GET /activities/start-activity/4/3/ HTTP/1.1" 200 2306
INFO 2025-01-09 10:49:46,733 django.server Thread-7 (process_request_thread) 7364 basehttp basehttp.py 213 log_message 11068 "GET /activities/stop-activity/4/3/ HTTP/1.1" 302 0
INFO 2025-01-09 10:49:46,790 django.server Thread-7 (process_request_thread) 7364 basehttp basehttp.py 213 log_message 11068 "GET /activities/activity-report/4/3/ HTTP/1.1" 200 44590
INFO 2025-01-09 10:53:08,718 django.server Thread-7 (process_request_thread) 7364 basehttp basehttp.py 213 log_message 11068 "GET /activities/selectactivity/4/ HTTP/1.1" 200 9496
INFO 2025-01-09 10:53:12,150 django.server Thread-7 (process_request_thread) 7364 basehttp basehttp.py 213 log_message 11068 "GET /activities/start-activity/4/3/ HTTP/1.1" 200 2306
INFO 2025-01-09 10:54:28,429 django.server Thread-7 (process_request_thread) 7364 basehttp basehttp.py 213 log_message 11068 "GET /activities/stop-activity/4/3/ HTTP/1.1" 302 0
INFO 2025-01-09 10:54:28,474 django.server Thread-7 (process_request_thread) 7364 basehttp basehttp.py 213 log_message 11068 "GET /activities/activity-report/4/3/ HTTP/1.1" 200 44590
INFO 2025-01-09 10:55:24,881 django.server Thread-7 (process_request_thread) 7364 basehttp basehttp.py 213 log_message 11068 "GET /activities/selectactivity/4/ HTTP/1.1" 200 9496
INFO 2025-01-09 10:55:27,938 django.server Thread-7 (process_request_thread) 7364 basehttp basehttp.py 213 log_message 11068 "GET /activities/start-activity/4/3/ HTTP/1.1" 200 2306
INFO 2025-01-09 10:56:14,742 django.server Thread-7 (process_request_thread) 7364 basehttp basehttp.py 213 log_message 11068 "GET /activities/stop-activity/4/3/ HTTP/1.1" 302 0
INFO 2025-01-09 10:56:14,809 django.server Thread-7 (process_request_thread) 7364 basehttp basehttp.py 213 log_message 11068 "GET /activities/activity-report/4/3/ HTTP/1.1" 200 44590
INFO 2025-01-09 10:56:23,241 django.server Thread-7 (process_request_thread) 7364 basehttp basehttp.py 213 log_message 11068 "GET /activities/selectactivity/4/ HTTP/1.1" 200 9496
INFO 2025-01-09 10:56:39,838 django.server Thread-7 (process_request_thread) 7364 basehttp basehttp.py 213 log_message 11068 "GET /activities/start-activity/4/4/ HTTP/1.1" 200 2358
INFO 2025-01-09 10:56:44,454 django.server Thread-7 (process_request_thread) 7364 basehttp basehttp.py 213 log_message 11068 "GET /activities/stop-activity/4/4/ HTTP/1.1" 302 0
INFO 2025-01-09 10:56:44,485 django.server Thread-7 (process_request_thread) 7364 basehttp basehttp.py 213 log_message 11068 "GET /activities/activity-report/4/4/ HTTP/1.1" 200 6574
INFO 2025-01-09 10:56:46,923 django.server Thread-7 (process_request_thread) 7364 basehttp basehttp.py 213 log_message 11068 "GET /activities/selectactivity/4/ HTTP/1.1" 200 9496
INFO 2025-01-09 10:56:54,322 django.server Thread-7 (process_request_thread) 7364 basehttp basehttp.py 213 log_message 11068 "GET /activities/start-activity/4/3/ HTTP/1.1" 200 2307
INFO 2025-01-09 10:57:37,867 django.server Thread-7 (process_request_thread) 7364 basehttp basehttp.py 213 log_message 11068 "GET /activities/stop-activity/4/3/ HTTP/1.1" 302 0
INFO 2025-01-09 10:57:37,894 django.server Thread-7 (process_request_thread) 7364 basehttp basehttp.py 213 log_message 11068 "GET /activities/activity-report/4/3/ HTTP/1.1" 200 44590
INFO 2025-01-09 10:57:44,772 django.utils.autoreload MainThread 20392 autoreload autoreload.py 668 run_with_reloader 15920 Watching for file changes with StatReloader
INFO 2025-01-09 10:58:59,542 django.server Thread-1 (process_request_thread) 17736 basehttp basehttp.py 213 log_message 15920 "GET /activities/selectactivity/4/ HTTP/1.1" 200 9496
INFO 2025-01-09 10:59:07,747 django.server Thread-1 (process_request_thread) 17736 basehttp basehttp.py 213 log_message 15920 "GET /activities/start-activity/4/3/ HTTP/1.1" 200 2307
INFO 2025-01-09 10:59:30,392 django.server Thread-1 (process_request_thread) 17736 basehttp basehttp.py 213 log_message 15920 "GET /activities/stop-activity/4/3/ HTTP/1.1" 302 0
INFO 2025-01-09 10:59:30,464 django.server Thread-1 (process_request_thread) 17736 basehttp basehttp.py 213 log_message 15920 "GET /activities/activity-report/4/3/ HTTP/1.1" 200 44590
INFO 2025-01-09 11:03:32,322 django.server Thread-3 (process_request_thread) 15020 basehttp basehttp.py 213 log_message 15920 "GET /activities/selectactivity/4/ HTTP/1.1" 200 9496
INFO 2025-01-09 11:04:12,773 django.server Thread-3 (process_request_thread) 15020 basehttp basehttp.py 213 log_message 15920 "GET /activities/start-activity/4/3/ HTTP/1.1" 200 2307
INFO 2025-01-09 11:05:51,625 django.server Thread-3 (process_request_thread) 15020 basehttp basehttp.py 213 log_message 15920 "GET /activities/stop-activity/4/3/ HTTP/1.1" 302 0
INFO 2025-01-09 11:05:51,683 django.server Thread-3 (process_request_thread) 15020 basehttp basehttp.py 213 log_message 15920 "GET /activities/activity-report/4/3/ HTTP/1.1" 200 44590
INFO 2025-01-09 11:05:57,592 django.server Thread-3 (process_request_thread) 15020 basehttp basehttp.py 213 log_message 15920 "GET /activities/selectactivity/4/ HTTP/1.1" 200 9496
INFO 2025-01-09 11:06:04,991 django.server Thread-3 (process_request_thread) 15020 basehttp basehttp.py 213 log_message 15920 "GET /activities/start-activity/4/3/ HTTP/1.1" 200 2307
INFO 2025-01-09 11:07:27,548 django.server Thread-3 (process_request_thread) 15020 basehttp basehttp.py 213 log_message 15920 "GET /activities/stop-activity/4/3/ HTTP/1.1" 302 0
INFO 2025-01-09 11:07:27,596 django.server Thread-3 (process_request_thread) 15020 basehttp basehttp.py 213 log_message 15920 "GET /activities/activity-report/4/3/ HTTP/1.1" 200 44564
INFO 2025-01-09 11:07:32,034 django.server Thread-3 (process_request_thread) 15020 basehttp basehttp.py 213 log_message 15920 "GET /activities/selectactivity/4/ HTTP/1.1" 200 9496
INFO 2025-01-09 11:07:34,831 django.server Thread-3 (process_request_thread) 15020 basehttp basehttp.py 213 log_message 15920 "GET /activities/start-activity/4/4/ HTTP/1.1" 200 2358
INFO 2025-01-09 11:10:45,309 django.server Thread-3 (process_request_thread) 15020 basehttp basehttp.py 213 log_message 15920 "GET /activities/stop-activity/4/4/ HTTP/1.1" 302 0
INFO 2025-01-09 11:10:45,328 django.server Thread-3 (process_request_thread) 15020 basehttp basehttp.py 213 log_message 15920 "GET /activities/activity-report/4/4/ HTTP/1.1" 200 10572
INFO 2025-01-09 11:10:47,968 django.server Thread-3 (process_request_thread) 15020 basehttp basehttp.py 213 log_message 15920 "GET /activities/selectactivity/4/ HTTP/1.1" 200 9496
INFO 2025-01-09 11:10:51,202 django.server Thread-3 (process_request_thread) 15020 basehttp basehttp.py 213 log_message 15920 "GET /activities/start-activity/4/5/ HTTP/1.1" 200 2342
INFO 2025-01-09 11:17:02,463 django.server Thread-8 (process_request_thread) 19884 basehttp basehttp.py 213 log_message 15920 "GET /activities/stop-activity/4/5/ HTTP/1.1" 302 0
INFO 2025-01-09 11:17:02,523 django.server Thread-8 (process_request_thread) 19884 basehttp basehttp.py 213 log_message 15920 "GET /activities/activity-report/4/5/ HTTP/1.1" 200 2128
INFO 2025-01-09 13:30:12,712 django.server Thread-10 (process_request_thread) 9296 basehttp basehttp.py 213 log_message 15920 "GET /activities/selectactivity/4/ HTTP/1.1" 200 9496
INFO 2025-01-09 13:30:55,757 django.server Thread-10 (process_request_thread) 9296 basehttp basehttp.py 213 log_message 15920 "GET /activities/start-activity/4/3/ HTTP/1.1" 200 2307
INFO 2025-01-09 13:33:17,948 django.server Thread-10 (process_request_thread) 9296 basehttp basehttp.py 213 log_message 15920 "GET /activities/stop-activity/4/3/ HTTP/1.1" 302 0
INFO 2025-01-09 13:33:18,007 django.server Thread-10 (process_request_thread) 9296 basehttp basehttp.py 213 log_message 15920 "GET /activities/activity-report/4/3/ HTTP/1.1" 200 44554
INFO 2025-01-09 13:33:32,250 django.server Thread-10 (process_request_thread) 9296 basehttp basehttp.py 213 log_message 15920 "GET /activities/selectactivity/4/ HTTP/1.1" 200 9496
INFO 2025-01-09 13:33:34,807 django.server Thread-10 (process_request_thread) 9296 basehttp basehttp.py 213 log_message 15920 "GET /activities/start-activity/4/3/ HTTP/1.1" 200 2307
INFO 2025-01-09 13:38:06,380 django.server Thread-10 (process_request_thread) 9296 basehttp basehttp.py 213 log_message 15920 "GET /activities/stop-activity/4/3/ HTTP/1.1" 302 0
INFO 2025-01-09 13:38:06,435 django.server Thread-10 (process_request_thread) 9296 basehttp basehttp.py 213 log_message 15920 "GET /activities/activity-report/4/3/ HTTP/1.1" 200 44511
INFO 2025-01-09 13:38:14,601 django.server Thread-10 (process_request_thread) 9296 basehttp basehttp.py 213 log_message 15920 "GET /activities/selectactivity/4/ HTTP/1.1" 200 9496
INFO 2025-01-09 13:38:18,866 django.server Thread-10 (process_request_thread) 9296 basehttp basehttp.py 213 log_message 15920 "GET /activities/start-activity/4/4/ HTTP/1.1" 200 2358
INFO 2025-01-09 13:40:16,991 django.server Thread-10 (process_request_thread) 9296 basehttp basehttp.py 213 log_message 15920 "GET /activities/stop-activity/4/4/ HTTP/1.1" 302 0
INFO 2025-01-09 13:40:17,025 django.server Thread-10 (process_request_thread) 9296 basehttp basehttp.py 213 log_message 15920 "GET /activities/activity-report/4/4/ HTTP/1.1" 200 14570
INFO 2025-01-09 13:40:24,308 django.server Thread-10 (process_request_thread) 9296 basehttp basehttp.py 213 log_message 15920 "GET /activities/selectactivity/4/ HTTP/1.1" 200 9496
INFO 2025-01-09 13:40:28,000 django.server Thread-10 (process_request_thread) 9296 basehttp basehttp.py 213 log_message 15920 "GET /activities/start-activity/4/5/ HTTP/1.1" 200 2342
INFO 2025-01-09 13:43:39,545 django.server Thread-10 (process_request_thread) 9296 basehttp basehttp.py 213 log_message 15920 "GET /activities/stop-activity/4/5/ HTTP/1.1" 302 0
INFO 2025-01-09 13:43:39,577 django.server Thread-10 (process_request_thread) 9296 basehttp basehttp.py 213 log_message 15920 "GET /activities/activity-report/4/5/ HTTP/1.1" 200 6533
INFO 2025-01-09 13:43:41,212 django.server Thread-10 (process_request_thread) 9296 basehttp basehttp.py 213 log_message 15920 "GET /activities/selectactivity/4/ HTTP/1.1" 200 9496
INFO 2025-01-09 13:43:50,343 django.server Thread-10 (process_request_thread) 9296 basehttp basehttp.py 213 log_message 15920 "GET /activities/start-activity/4/5/ HTTP/1.1" 200 2342
INFO 2025-01-09 13:45:24,362 django.server Thread-10 (process_request_thread) 9296 basehttp basehttp.py 213 log_message 15920 "GET /activities/stop-activity/4/5/ HTTP/1.1" 302 0
INFO 2025-01-09 13:45:24,394 django.server Thread-10 (process_request_thread) 9296 basehttp basehttp.py 213 log_message 15920 "GET /activities/activity-report/4/5/ HTTP/1.1" 200 10527
INFO 2025-01-09 13:45:25,778 django.server Thread-10 (process_request_thread) 9296 basehttp basehttp.py 213 log_message 15920 "GET /activities/selectactivity/4/ HTTP/1.1" 200 9496
INFO 2025-01-09 13:45:28,105 django.server Thread-10 (process_request_thread) 9296 basehttp basehttp.py 213 log_message 15920 "GET /activities/start-activity/4/4/ HTTP/1.1" 200 2358
INFO 2025-01-09 13:53:43,469 django.server Thread-17 (process_request_thread) 18584 basehttp basehttp.py 213 log_message 15920 "GET /activities/stop-activity/4/4/ HTTP/1.1" 302 0
INFO 2025-01-09 13:53:43,504 django.server Thread-17 (process_request_thread) 18584 basehttp basehttp.py 213 log_message 15920 "GET /activities/activity-report/4/4/ HTTP/1.1" 200 14570
INFO 2025-01-09 13:53:48,139 django.server Thread-17 (process_request_thread) 18584 basehttp basehttp.py 213 log_message 15920 "GET /activities/selectactivity/4/ HTTP/1.1" 200 9496
INFO 2025-01-09 13:56:31,839 django.server Thread-17 (process_request_thread) 18584 basehttp basehttp.py 213 log_message 15920 "GET /activities/start-activity/4/3/ HTTP/1.1" 200 2307
INFO 2025-01-09 13:56:57,521 django.server Thread-17 (process_request_thread) 18584 basehttp basehttp.py 81 handle_error 15920 - Broken pipe from ('127.0.0.1', 56756)
INFO 2025-01-09 13:57:00,692 django.server Thread-19 (process_request_thread) 10372 basehttp basehttp.py 213 log_message 15920 "GET /activities/stop-activity/4/3/ HTTP/1.1" 302 0
INFO 2025-01-09 13:57:00,744 django.server Thread-19 (process_request_thread) 10372 basehttp basehttp.py 213 log_message 15920 "GET /activities/activity-report/4/3/ HTTP/1.1" 200 44511
INFO 2025-01-09 13:58:20,473 django.server Thread-19 (process_request_thread) 10372 basehttp basehttp.py 213 log_message 15920 "GET /activities/selectactivity/4/ HTTP/1.1" 200 9496
INFO 2025-01-09 13:58:23,076 django.server Thread-19 (process_request_thread) 10372 basehttp basehttp.py 213 log_message 15920 "GET /activities/start-activity/4/3/ HTTP/1.1" 200 2307
INFO 2025-01-09 14:00:16,385 django.server Thread-19 (process_request_thread) 10372 basehttp basehttp.py 213 log_message 15920 "GET /activities/stop-activity/4/3/ HTTP/1.1" 302 0
INFO 2025-01-09 14:00:16,442 django.server Thread-19 (process_request_thread) 10372 basehttp basehttp.py 213 log_message 15920 "GET /activities/activity-report/4/3/ HTTP/1.1" 200 44449
INFO 2025-01-09 14:00:45,652 django.server Thread-19 (process_request_thread) 10372 basehttp basehttp.py 213 log_message 15920 "GET /activities/selectactivity/4/ HTTP/1.1" 200 9496
INFO 2025-01-09 14:00:49,108 django.server Thread-19 (process_request_thread) 10372 basehttp basehttp.py 213 log_message 15920 "GET /activities/start-activity/4/5/ HTTP/1.1" 200 2342
INFO 2025-01-09 14:03:14,234 django.server Thread-19 (process_request_thread) 10372 basehttp basehttp.py 213 log_message 15920 "GET /activities/stop-activity/4/5/ HTTP/1.1" 302 0
INFO 2025-01-09 14:03:14,270 django.server Thread-19 (process_request_thread) 10372 basehttp basehttp.py 213 log_message 15920 "GET /activities/activity-report/4/5/ HTTP/1.1" 200 14534
INFO 2025-01-09 14:05:18,446 django.server Thread-19 (process_request_thread) 10372 basehttp basehttp.py 213 log_message 15920 "GET /activities/selectactivity/4/ HTTP/1.1" 200 9496
INFO 2025-01-09 14:05:24,254 django.server Thread-19 (process_request_thread) 10372 basehttp basehttp.py 213 log_message 15920 "GET /activities/start-activity/4/5/ HTTP/1.1" 200 2342
INFO 2025-01-09 14:26:58,018 django.server Thread-25 (process_request_thread) 18020 basehttp basehttp.py 213 log_message 15920 "GET /activities/stop-activity/4/5/ HTTP/1.1" 302 0
INFO 2025-01-09 14:26:58,049 django.server Thread-25 (process_request_thread) 18020 basehttp basehttp.py 213 log_message 15920 "GET /activities/activity-report/4/5/ HTTP/1.1" 200 14534
INFO 2025-01-09 14:29:37,865 django.server Thread-25 (process_request_thread) 18020 basehttp basehttp.py 213 log_message 15920 "GET /activities/selectactivity/4/ HTTP/1.1" 200 9496
INFO 2025-01-09 14:29:51,529 django.server Thread-25 (process_request_thread) 18020 basehttp basehttp.py 213 log_message 15920 "GET /activities/start-activity/4/3/ HTTP/1.1" 200 2307
INFO 2025-01-09 14:30:41,132 django.server Thread-25 (process_request_thread) 18020 basehttp basehttp.py 213 log_message 15920 "GET /activities/stop-activity/4/3/ HTTP/1.1" 302 0
INFO 2025-01-09 14:30:41,158 django.server Thread-25 (process_request_thread) 18020 basehttp basehttp.py 213 log_message 15920 "GET /activities/activity-report/4/3/ HTTP/1.1" 200 44434
INFO 2025-01-09 14:30:43,235 django.server Thread-25 (process_request_thread) 18020 basehttp basehttp.py 213 log_message 15920 "GET /activities/selectactivity/4/ HTTP/1.1" 200 9496
INFO 2025-01-09 14:30:46,902 django.server Thread-25 (process_request_thread) 18020 basehttp basehttp.py 213 log_message 15920 "GET /activities/start-activity/4/5/ HTTP/1.1" 200 2342
INFO 2025-01-09 14:32:22,301 django.server Thread-25 (process_request_thread) 18020 basehttp basehttp.py 213 log_message 15920 "GET /activities/stop-activity/4/5/ HTTP/1.1" 302 0
INFO 2025-01-09 14:32:22,330 django.server Thread-25 (process_request_thread) 18020 basehttp basehttp.py 213 log_message 15920 "GET /activities/activity-report/4/5/ HTTP/1.1" 200 14560
INFO 2025-01-09 14:32:24,042 django.server Thread-25 (process_request_thread) 18020 basehttp basehttp.py 213 log_message 15920 "GET /activities/selectactivity/4/ HTTP/1.1" 200 9496
INFO 2025-01-09 14:32:35,314 django.server Thread-25 (process_request_thread) 18020 basehttp basehttp.py 213 log_message 15920 "GET /activities/start-activity/4/5/ HTTP/1.1" 200 2342
INFO 2025-01-09 14:33:40,943 django.server Thread-25 (process_request_thread) 18020 basehttp basehttp.py 213 log_message 15920 "GET /activities/stop-activity/4/5/ HTTP/1.1" 302 0
INFO 2025-01-09 14:33:40,977 django.server Thread-25 (process_request_thread) 18020 basehttp basehttp.py 213 log_message 15920 "GET /activities/activity-report/4/5/ HTTP/1.1" 200 14601
INFO 2025-01-09 14:33:42,412 django.server Thread-25 (process_request_thread) 18020 basehttp basehttp.py 213 log_message 15920 "GET /activities/selectactivity/4/ HTTP/1.1" 200 9496
INFO 2025-01-09 14:33:46,796 django.server Thread-25 (process_request_thread) 18020 basehttp basehttp.py 213 log_message 15920 "GET /activities/start-activity/4/5/ HTTP/1.1" 200 2342
INFO 2025-01-09 14:34:20,838 django.server Thread-25 (process_request_thread) 18020 basehttp basehttp.py 213 log_message 15920 "GET /activities/stop-activity/4/5/ HTTP/1.1" 302 0
INFO 2025-01-09 14:34:20,875 django.server Thread-25 (process_request_thread) 18020 basehttp basehttp.py 213 log_message 15920 "GET /activities/activity-report/4/5/ HTTP/1.1" 200 14620
